<?xml version="1.0" encoding="UTF-8"?>
<testsuite xmlns:xsi="http://www.w3.org/2001/XMLSchema-instance" xsi:noNamespaceSchemaLocation="https://maven.apache.org/surefire/maven-surefire-plugin/xsd/surefire-test-report-3.0.xsd" version="3.0" name="com.example.path_finding_test.BfsDfsTest" time="0.112" tests="6" errors="0" skipped="0" failures="0">
  <properties>
    <property name="java.specification.version" value="21"/>
    <property name="sun.cpu.isalist" value="amd64"/>
    <property name="sun.jnu.encoding" value="Cp1252"/>
    <property name="java.class.path" value="C:\Users\zeema\IdeaProjects\mazeGame\target\test-classes;C:\Users\zeema\IdeaProjects\mazeGame\target\classes;C:\Users\zeema\.m2\repository\org\junit\jupiter\junit-jupiter\5.10.0\junit-jupiter-5.10.0.jar;C:\Users\zeema\.m2\repository\org\junit\jupiter\junit-jupiter-api\5.10.0\junit-jupiter-api-5.10.0.jar;C:\Users\zeema\.m2\repository\org\opentest4j\opentest4j\1.3.0\opentest4j-1.3.0.jar;C:\Users\zeema\.m2\repository\org\junit\platform\junit-platform-commons\1.10.0\junit-platform-commons-1.10.0.jar;C:\Users\zeema\.m2\repository\org\apiguardian\apiguardian-api\1.1.2\apiguardian-api-1.1.2.jar;C:\Users\zeema\.m2\repository\org\junit\jupiter\junit-jupiter-params\5.10.0\junit-jupiter-params-5.10.0.jar;C:\Users\zeema\.m2\repository\org\junit\jupiter\junit-jupiter-engine\5.10.0\junit-jupiter-engine-5.10.0.jar;C:\Users\zeema\.m2\repository\org\junit\platform\junit-platform-engine\1.10.0\junit-platform-engine-1.10.0.jar;"/>
    <property name="java.vm.vendor" value="Eclipse Adoptium"/>
    <property name="sun.arch.data.model" value="64"/>
    <property name="user.variant" value=""/>
    <property name="java.vendor.url" value="https://adoptium.net/"/>
    <property name="user.timezone" value="America/Toronto"/>
    <property name="os.name" value="Windows 11"/>
    <property name="java.vm.specification.version" value="21"/>
    <property name="sun.java.launcher" value="SUN_STANDARD"/>
    <property name="user.country" value="US"/>
    <property name="sun.boot.library.path" value="C:\Program Files\Eclipse Adoptium\jdk-21.0.7.6-hotspot\bin"/>
    <property name="sun.java.command" value="C:\Users\zeema\AppData\Local\Temp\surefire1527897580623990697\surefirebooter-20250912180558322_3.jar C:\Users\zeema\AppData\Local\Temp\surefire1527897580623990697 2025-09-12T18-05-56_825-jvmRun1 surefire-20250912180558322_1tmp surefire_0-20250912180558322_2tmp"/>
    <property name="jdk.debug" value="release"/>
    <property name="surefire.test.class.path" value="C:\Users\zeema\IdeaProjects\mazeGame\target\test-classes;C:\Users\zeema\IdeaProjects\mazeGame\target\classes;C:\Users\zeema\.m2\repository\org\junit\jupiter\junit-jupiter\5.10.0\junit-jupiter-5.10.0.jar;C:\Users\zeema\.m2\repository\org\junit\jupiter\junit-jupiter-api\5.10.0\junit-jupiter-api-5.10.0.jar;C:\Users\zeema\.m2\repository\org\opentest4j\opentest4j\1.3.0\opentest4j-1.3.0.jar;C:\Users\zeema\.m2\repository\org\junit\platform\junit-platform-commons\1.10.0\junit-platform-commons-1.10.0.jar;C:\Users\zeema\.m2\repository\org\apiguardian\apiguardian-api\1.1.2\apiguardian-api-1.1.2.jar;C:\Users\zeema\.m2\repository\org\junit\jupiter\junit-jupiter-params\5.10.0\junit-jupiter-params-5.10.0.jar;C:\Users\zeema\.m2\repository\org\junit\jupiter\junit-jupiter-engine\5.10.0\junit-jupiter-engine-5.10.0.jar;C:\Users\zeema\.m2\repository\org\junit\platform\junit-platform-engine\1.10.0\junit-platform-engine-1.10.0.jar;"/>
    <property name="sun.cpu.endian" value="little"/>
    <property name="user.home" value="C:\Users\zeema"/>
    <property name="user.language" value="en"/>
    <property name="java.specification.vendor" value="Oracle Corporation"/>
    <property name="java.version.date" value="2025-04-15"/>
    <property name="java.home" value="C:\Program Files\Eclipse Adoptium\jdk-21.0.7.6-hotspot"/>
    <property name="file.separator" value="\"/>
    <property name="basedir" value="C:\Users\zeema\IdeaProjects\mazeGame"/>
    <property name="java.vm.compressedOopsMode" value="32-bit"/>
    <property name="line.separator" value="&#10;"/>
    <property name="java.vm.specification.vendor" value="Oracle Corporation"/>
    <property name="java.specification.name" value="Java Platform API Specification"/>
    <property name="surefire.real.class.path" value="C:\Users\zeema\AppData\Local\Temp\surefire1527897580623990697\surefirebooter-20250912180558322_3.jar"/>
    <property name="user.script" value=""/>
    <property name="sun.management.compiler" value="HotSpot 64-Bit Tiered Compilers"/>
    <property name="java.runtime.version" value="21.0.7+6-LTS"/>
    <property name="user.name" value="zeema"/>
    <property name="stdout.encoding" value="Cp1252"/>
    <property name="path.separator" value=";"/>
    <property name="os.version" value="10.0"/>
    <property name="java.runtime.name" value="OpenJDK Runtime Environment"/>
    <property name="file.encoding" value="UTF-8"/>
    <property name="java.vm.name" value="OpenJDK 64-Bit Server VM"/>
    <property name="java.vendor.version" value="Temurin-21.0.7+6"/>
    <property name="localRepository" value="C:\Users\zeema\.m2\repository"/>
    <property name="java.vendor.url.bug" value="https://github.com/adoptium/adoptium-support/issues"/>
    <property name="java.io.tmpdir" value="C:\Users\zeema\AppData\Local\Temp\"/>
    <property name="java.version" value="21.0.7"/>
    <property name="user.dir" value="C:\Users\zeema\IdeaProjects\mazeGame"/>
    <property name="os.arch" value="amd64"/>
    <property name="java.vm.specification.name" value="Java Virtual Machine Specification"/>
    <property name="sun.os.patch.level" value=""/>
    <property name="native.encoding" value="Cp1252"/>
    <property name="java.library.path" value="C:\Program Files\Eclipse Adoptium\jdk-21.0.7.6-hotspot\bin;C:\WINDOWS\Sun\Java\bin;C:\WINDOWS\system32;C:\WINDOWS;C:\Program Files\Eclipse Adoptium\jdk-21.0.7.6-hotspot\bin;C:\Program Files\Eclipse Adoptium\jdk-17.0.15.6-hotspot\bin;C:\Windows\system32;C:\Windows;C:\Windows\System32\Wbem;C:\Windows\System32\WindowsPowerShell\v1.0\;C:\Windows\System32\OpenSSH\;C:\Program Files\dotnet\;C:\WINDOWS\system32;C:\WINDOWS;C:\WINDOWS\System32\Wbem;C:\WINDOWS\System32\WindowsPowerShell\v1.0\;C:\WINDOWS\System32\OpenSSH\;C:\Program Files\Git\cmd;C:\Program Files\PuTTY\;C:\Program Files (x86)\Windows Kits\10\Windows Performance Toolkit\;C:\Program Files\nodejs\;C:\Users\zeema\AppData\Local\Programs\Python\Python312\Scripts;C:\Program Files\CMake\bin;C:\Users\zeema\maven_dahaven\apache-maven-3.9.9\bin;C:\Program Files\Eclipse Adoptium\jdk-21.0.7.6-hotspot\bin;C:\Program Files\Eclipse Adoptium\jdk-21.0.7.6-hotspot\bin;C:\Program Files\Eclipse Adoptium\jdk-17.0.15.6-hotspot\bin;C:\Windows\system32;C:\Windows;C:\Windows\System32\Wbem;C:\Windows\System32\WindowsPowerShell\v1.0\;C:\Windows\System32\OpenSSH\;C:\Program Files\dotnet\;C:\WINDOWS\system32;C:\WINDOWS;C:\WINDOWS\System32\Wbem;C:\WINDOWS\System32\WindowsPowerShell\v1.0\;C:\WINDOWS\System32\OpenSSH\;C:\Program Files\Git\cmd;C:\Program Files\PuTTY\;C:\Program Files (x86)\Windows Kits\10\Windows Performance Toolkit\;C:\Program Files\nodejs\;C:\Users\zeema\AppData\Local\Programs\Python\Python312\Scripts;C:\Program Files\CMake\bin;C:\Users\zeema\maven_dahaven\apache-maven-3.9.9\bin;;c:\Users\zeema\AppData\Roaming\Code\User\globalStorage\github.copilot-chat\debugCommand;."/>
    <property name="java.vm.info" value="mixed mode, sharing"/>
    <property name="stderr.encoding" value="Cp1252"/>
    <property name="java.vendor" value="Eclipse Adoptium"/>
    <property name="java.vm.version" value="21.0.7+6-LTS"/>
    <property name="sun.io.unicode.encoding" value="UnicodeLittle"/>
    <property name="java.class.version" value="65.0"/>
  </properties>
  <testcase name="testingDFS_Final1" classname="com.example.path_finding_test.BfsDfsTest" time="0.055">
    <system-out><![CDATA[No solution exists.
[]
]]></system-out>
  </testcase>
  <testcase name="testingBFS_Final1" classname="com.example.path_finding_test.BfsDfsTest" time="0.009">
    <system-out><![CDATA[no solution exists
[]
]]></system-out>
  </testcase>
  <testcase name="testingDFS2_Final1" classname="com.example.path_finding_test.BfsDfsTest" time="0.004">
    <system-out><![CDATA[no solution exists
[]
]]></system-out>
  </testcase>
  <testcase name="testingBFS_Final" classname="com.example.path_finding_test.BfsDfsTest" time="0.004">
    <system-out><![CDATA[[[0, 0], [1, 0], [2, 0], [3, 0], [4, 1], [4, 2], [5, 3], [5, 4]]
[[0, 0], [1, 0], [2, 0], [3, 0], [4, 1], [4, 2], [5, 3], [5, 4]]
]]></system-out>
  </testcase>
  <testcase name="testingDFS_Final" classname="com.example.path_finding_test.BfsDfsTest" time="0.004">
    <system-out><![CDATA[[[0,0], [1,0], [2,0], [3,0], [4,1], [3,2], [4,2], [5,3], [4,4], [5,4]]
[[0, 0], [1, 0], [2, 0], [3, 0], [4, 1], [3, 2], [4, 2], [5, 3], [4, 4], [5, 4]]
[[0, 0], [1, 0], [2, 0], [3, 0], [4, 1], [3, 2], [4, 2], [5, 3], [4, 4], [5, 4]]
]]></system-out>
  </testcase>
  <testcase name="testingDFS2_Final" classname="com.example.path_finding_test.BfsDfsTest" time="0.003">
    <system-out><![CDATA[[0,0]
[[0,0], [1,0], [2,0], [3,0], [4,0], [5,1], [4,1], [4,2], [3,2], [2,2], [1,2], [0,2], [0,3], [1,4], [2,4], [3,4], [4,4], [5,3], [5,4]]
[[0, 0], [1, 0], [2, 0], [3, 0], [4, 0], [5, 1], [4, 1], [4, 2], [3, 2], [2, 2], [1, 2], [0, 2], [0, 3], [1, 4], [2, 4], [3, 4], [4, 4], [5, 3], [5, 4]]
[[0, 0], [1, 0], [2, 0], [3, 0], [4, 0], [5, 1], [4, 1], [4, 2], [3, 2], [2, 2], [1, 2], [0, 2], [0, 3], [1, 4], [2, 4], [3, 4], [4, 4], [5, 3], [5, 4]]
]]></system-out>
  </testcase>
</testsuite>